#
# A fatal error has been detected by the Java Runtime Environment:
#
#  Internal Error (classFileParser.cpp:3624), pid=41713, tid=0x000000000000a603
#  Error: ShouldNotReachHere()
#
# JRE version: Java(TM) SE Runtime Environment (8.0_271-b09) (build 1.8.0_271-b09)
# Java VM: Java HotSpot(TM) 64-Bit Server VM (25.271-b09 mixed mode bsd-amd64 compressed oops)
# Failed to write core dump. Core dumps have been disabled. To enable core dumping, try "ulimit -c unlimited" before starting Java again
#
# If you would like to submit a bug report, please visit:
#   http://bugreport.java.com/bugreport/crash.jsp
#

---------------  T H R E A D  ---------------

Current thread (0x00007fc6218d0000):  JavaThread "FileSystemWatcher: files=#24 cl=sun.misc.Launcher$AppClassLoader@18b4aac2" daemon [_thread_in_vm, id=42499, stack(0x000070000abcb000,0x000070000accb000)]

Stack: [0x000070000abcb000,0x000070000accb000],  sp=0x000070000acc9520,  free space=1017k
Native frames: (J=compiled Java code, j=interpreted, Vv=VM code, C=native code)
V  [libjvm.dylib+0x5a02c7]
V  [libjvm.dylib+0x1d759f]
V  [libjvm.dylib+0x174d2a]
V  [libjvm.dylib+0x1768fd]
V  [libjvm.dylib+0x53e587]
V  [libjvm.dylib+0x336cae]
V  [libjvm.dylib+0x336e29]
C  [libjava.dylib+0x1495]  Java_java_lang_ClassLoader_defineClass1+0x166
J 744  java.lang.ClassLoader.defineClass1(Ljava/lang/String;[BIILjava/security/ProtectionDomain;Ljava/lang/String;)Ljava/lang/Class; (0 bytes) @ 0x0000000118ea430b [0x0000000118ea4200+0x10b]
J 564 C1 java.lang.ClassLoader.defineClass(Ljava/lang/String;[BIILjava/security/ProtectionDomain;)Ljava/lang/Class; (43 bytes) @ 0x0000000118e51b2c [0x0000000118e51a00+0x12c]
j  java.lang.ClassLoader.defineClass(Ljava/lang/String;[BII)Ljava/lang/Class;+7
j  org.springsource.loaded.ChildClassLoader.defineClass(Ljava/lang/String;[B)Ljava/lang/Class;+16
j  org.springsource.loaded.TypeRegistry.defineClass(Ljava/lang/String;[BZ)Ljava/lang/Class;+181
j  org.springsource.loaded.CurrentLiveVersion.define()V+83
j  org.springsource.loaded.CurrentLiveVersion.<init>(Lorg/springsource/loaded/ReloadableType;Ljava/lang/String;[B)V+339
j  org.springsource.loaded.ReloadableType.loadNewVersion(Ljava/lang/String;[B)Z+639
j  org.springsource.loaded.TypeRegistry.loadNewVersion(Lorg/springsource/loaded/ReloadableType;Ljava/io/File;)V+43
j  org.springsource.loaded.agent.ReloadableFileChangeListener.fileChanged(Ljava/io/File;)V+343
j  org.springsource.loaded.agent.Watcher.determineChangesSince(Ljava/io/File;J)V+49
j  org.springsource.loaded.agent.Watcher.run()V+333
j  java.lang.Thread.run()V+11
v  ~StubRoutines::call_stub
V  [libjvm.dylib+0x2d4795]
V  [libjvm.dylib+0x2d3460]
V  [libjvm.dylib+0x2d367b]
V  [libjvm.dylib+0x341cf5]
V  [libjvm.dylib+0x564226]
V  [libjvm.dylib+0x5640eb]
V  [libjvm.dylib+0x48f359]
C  [libsystem_pthread.dylib+0x6950]  _pthread_start+0xe0
C  [libsystem_pthread.dylib+0x247b]  thread_start+0xf
C  0x0000000000000000

Java frames: (J=compiled Java code, j=interpreted, Vv=VM code)
J 744  java.lang.ClassLoader.defineClass1(Ljava/lang/String;[BIILjava/security/ProtectionDomain;Ljava/lang/String;)Ljava/lang/Class; (0 bytes) @ 0x0000000118ea4291 [0x0000000118ea4200+0x91]
J 564 C1 java.lang.ClassLoader.defineClass(Ljava/lang/String;[BIILjava/security/ProtectionDomain;)Ljava/lang/Class; (43 bytes) @ 0x0000000118e51b2c [0x0000000118e51a00+0x12c]
j  java.lang.ClassLoader.defineClass(Ljava/lang/String;[BII)Ljava/lang/Class;+7
j  org.springsource.loaded.ChildClassLoader.defineClass(Ljava/lang/String;[B)Ljava/lang/Class;+16
j  org.springsource.loaded.TypeRegistry.defineClass(Ljava/lang/String;[BZ)Ljava/lang/Class;+181
j  org.springsource.loaded.CurrentLiveVersion.define()V+83
j  org.springsource.loaded.CurrentLiveVersion.<init>(Lorg/springsource/loaded/ReloadableType;Ljava/lang/String;[B)V+339
j  org.springsource.loaded.ReloadableType.loadNewVersion(Ljava/lang/String;[B)Z+639
j  org.springsource.loaded.TypeRegistry.loadNewVersion(Lorg/springsource/loaded/ReloadableType;Ljava/io/File;)V+43
j  org.springsource.loaded.agent.ReloadableFileChangeListener.fileChanged(Ljava/io/File;)V+343
j  org.springsource.loaded.agent.Watcher.determineChangesSince(Ljava/io/File;J)V+49
j  org.springsource.loaded.agent.Watcher.run()V+333
j  java.lang.Thread.run()V+11
v  ~StubRoutines::call_stub

---------------  P R O C E S S  ---------------

Java Threads: ( => current thread )
  0x00007fc621ffe000 JavaThread "threadPoolExecutor-7" daemon [_thread_blocked, id=36099, stack(0x000070000c922000,0x000070000ca22000)]
  0x00007fc621ffd000 JavaThread "net.sf.ehcache.CacheManager@13eef356" daemon [_thread_blocked, id=23563, stack(0x000070000aed4000,0x000070000afd4000)]
  0x00007fc61f56a000 JavaThread "threadPoolExecutor-6" daemon [_thread_blocked, id=36611, stack(0x000070000c81f000,0x000070000c91f000)]
  0x00007fc6268ad800 JavaThread "threadPoolExecutor-5" daemon [_thread_blocked, id=30211, stack(0x000070000c71c000,0x000070000c81c000)]
  0x00007fc61f1fc800 JavaThread "threadPoolExecutor-4" daemon [_thread_blocked, id=37123, stack(0x000070000c619000,0x000070000c719000)]
  0x00007fc6223b1000 JavaThread "http-nio-7273-exec-10" daemon [_thread_blocked, id=37379, stack(0x000070000c516000,0x000070000c616000)]
  0x00007fc620857800 JavaThread "http-nio-7273-exec-9" daemon [_thread_blocked, id=37635, stack(0x000070000c413000,0x000070000c513000)]
  0x00007fc625042800 JavaThread "http-nio-7273-exec-8" daemon [_thread_blocked, id=37891, stack(0x000070000c310000,0x000070000c410000)]
  0x00007fc61f85e800 JavaThread "http-nio-7273-exec-7" daemon [_thread_blocked, id=28931, stack(0x000070000c20d000,0x000070000c30d000)]
  0x00007fc61f3c3800 JavaThread "http-nio-7273-exec-6" daemon [_thread_blocked, id=38147, stack(0x000070000c10a000,0x000070000c20a000)]
  0x00007fc620868000 JavaThread "http-nio-7273-exec-5" daemon [_thread_blocked, id=38403, stack(0x000070000c007000,0x000070000c107000)]
  0x00007fc61f3aa000 JavaThread "http-nio-7273-exec-4" daemon [_thread_blocked, id=28163, stack(0x000070000bf04000,0x000070000c004000)]
  0x00007fc61f854000 JavaThread "http-nio-7273-exec-3" daemon [_thread_blocked, id=39171, stack(0x000070000be01000,0x000070000bf01000)]
  0x00007fc620867000 JavaThread "http-nio-7273-exec-2" daemon [_thread_blocked, id=23815, stack(0x000070000b0da000,0x000070000b1da000)]
  0x00007fc621dc1000 JavaThread "http-nio-7273-exec-1" daemon [_thread_blocked, id=24327, stack(0x000070000afd7000,0x000070000b0d7000)]
  0x00007fc621257000 JavaThread "DestroyJavaVM" [_thread_blocked, id=4611, stack(0x0000700009503000,0x0000700009603000)]
  0x00007fc621254800 JavaThread "Thread-12" daemon [_thread_blocked, id=27651, stack(0x000070000bcfe000,0x000070000bdfe000)]
  0x00007fc6212b1000 JavaThread "Thread-14" [_thread_blocked, id=27139, stack(0x000070000bbfb000,0x000070000bcfb000)]
  0x00007fc622691800 JavaThread "Thread-13" daemon [_thread_blocked, id=41735, stack(0x000070000b1dd000,0x000070000b2dd000)]
  0x00007fc621f8b000 JavaThread "threadPoolExecutor-3" daemon [_thread_blocked, id=39683, stack(0x000070000baf8000,0x000070000bbf8000)]
  0x00007fc621e14800 JavaThread "http-nio-7273-Acceptor-0" daemon [_thread_in_native, id=40195, stack(0x000070000b9f5000,0x000070000baf5000)]
  0x00007fc61f609000 JavaThread "http-nio-7273-ClientPoller-1" daemon [_thread_in_native, id=26627, stack(0x000070000b8f2000,0x000070000b9f2000)]
  0x00007fc61f22b000 JavaThread "http-nio-7273-ClientPoller-0" daemon [_thread_in_native, id=40455, stack(0x000070000b7ef000,0x000070000b8ef000)]
  0x00007fc6248c1800 JavaThread "NioBlockingSelector.BlockPoller-1" daemon [_thread_in_native, id=25863, stack(0x000070000b6ec000,0x000070000b7ec000)]
  0x00007fc622088000 JavaThread "threadPoolExecutor-2" daemon [_thread_blocked, id=25607, stack(0x000070000b5e9000,0x000070000b6e9000)]
  0x00007fc6221b8800 JavaThread "AWT-AppKit" daemon [_thread_in_native, id=775, stack(0x00007ffee1f19000,0x00007ffee2719000)]
  0x00007fc622216800 JavaThread "threadPoolExecutor-1" daemon [_thread_blocked, id=40963, stack(0x000070000b4e6000,0x000070000b5e6000)]
  0x00007fc6214c0000 JavaThread "container-0" [_thread_blocked, id=41219, stack(0x000070000b3e3000,0x000070000b4e3000)]
  0x00007fc6214ce000 JavaThread "ContainerBackgroundProcessor[StandardEngine[Tomcat].StandardHost[localhost].StandardContext[]]" daemon [_thread_blocked, id=24579, stack(0x000070000b2e0000,0x000070000b3e0000)]
  0x00007fc621d2f800 JavaThread "Abandoned connection cleanup thread" daemon [_thread_blocked, id=17415, stack(0x000070000add1000,0x000070000aed1000)]
  0x00007fc622461000 JavaThread "PoolCleaner[414493378:1624137770571]" daemon [_thread_blocked, id=12295, stack(0x000070000acce000,0x000070000adce000)]
=>0x00007fc6218d0000 JavaThread "FileSystemWatcher: files=#24 cl=sun.misc.Launcher$AppClassLoader@18b4aac2" daemon [_thread_in_vm, id=42499, stack(0x000070000abcb000,0x000070000accb000)]
  0x00007fc622122800 JavaThread "Service Thread" daemon [_thread_blocked, id=42755, stack(0x000070000a9c5000,0x000070000aac5000)]
  0x00007fc622122000 JavaThread "C1 CompilerThread2" daemon [_thread_blocked, id=43267, stack(0x000070000a8c2000,0x000070000a9c2000)]
  0x00007fc622121000 JavaThread "C2 CompilerThread1" daemon [_thread_blocked, id=22019, stack(0x000070000a7bf000,0x000070000a8bf000)]
  0x00007fc622120800 JavaThread "C2 CompilerThread0" daemon [_thread_blocked, id=13827, stack(0x000070000a6bc000,0x000070000a7bc000)]
  0x00007fc6218c2000 JavaThread "JDWP Command Reader" daemon [_thread_in_native, id=14339, stack(0x000070000a5b9000,0x000070000a6b9000)]
  0x00007fc61f2e0000 JavaThread "JDWP Event Helper Thread" daemon [_thread_blocked, id=14851, stack(0x000070000a4b6000,0x000070000a5b6000)]
  0x00007fc61f2df000 JavaThread "JDWP Transport Listener: dt_socket" daemon [_thread_blocked, id=15371, stack(0x000070000a3b3000,0x000070000a4b3000)]
  0x00007fc621825000 JavaThread "Signal Dispatcher" daemon [_thread_blocked, id=15875, stack(0x000070000a2b0000,0x000070000a3b0000)]
  0x00007fc61f017000 JavaThread "Finalizer" daemon [_thread_blocked, id=12035, stack(0x000070000a024000,0x000070000a124000)]
  0x00007fc620812000 JavaThread "Reference Handler" daemon [_thread_blocked, id=11779, stack(0x0000700009f21000,0x000070000a021000)]

Other Threads:
  0x00007fc62080d000 VMThread [stack: 0x0000700009e1e000,0x0000700009f1e000] [id=19971]
  0x00007fc622123800 WatcherThread [stack: 0x000070000aac8000,0x000070000abc8000] [id=22787]

VM state:synchronizing (normal execution)

VM Mutex/Monitor currently owned by a thread:  ([mutex/lock_event])
[0x00007fc61ec070a0] Threads_lock - owner thread: 0x00007fc62080d000

heap address: 0x0000000790000000, size: 768 MB, Compressed Oops mode: Zero based, Oop shift amount: 3
Narrow klass base: 0x0000000000000000, Narrow klass shift: 3
Compressed class space size: 1073741824 Address: 0x00000007c0000000

Heap:
 PSYoungGen      total 219648K, used 68582K [0x00000007b0000000, 0x00000007c0000000, 0x00000007c0000000)
  eden space 176640K, 26% used [0x00000007b0000000,0x00000007b2cf5508,0x00000007bac80000)
  from space 43008K, 52% used [0x00000007bd600000,0x00000007bec045e0,0x00000007c0000000)
  to   space 42496K, 0% used [0x00000007bac80000,0x00000007bac80000,0x00000007bd600000)
 ParOldGen       total 524288K, used 81316K [0x0000000790000000, 0x00000007b0000000, 0x00000007b0000000)
  object space 524288K, 15% used [0x0000000790000000,0x0000000794f69358,0x00000007b0000000)
 Metaspace       used 69013K, capacity 70624K, committed 70744K, reserved 1110016K
  class space    used 9361K, capacity 9778K, committed 9856K, reserved 1048576K

Card table byte_map: [0x000000010d62f000,0x000000010d7b0000] byte_map_base: 0x00000001099af000

Marking Bits: (ParMarkBitMap*) 0x0000000111f29768
 Begin Bits: [0x0000000112ace000, 0x00000001136ce000)
 End Bits:   [0x00000001136ce000, 0x00000001142ce000)

Polling page: 0x000000010d55f000

CodeCache: size=245760Kb used=16818Kb max_used=16818Kb free=228941Kb
 bounds [0x0000000118c0e000, 0x0000000119c8e000, 0x0000000127c0e000]
 total_blobs=8160 nmethods=7373 adapters=706
 compilation: enabled

Compilation events (10 events):
Event: 1414.020 Thread 0x00007fc622122000 7573       1       org.codehaus.groovy.classgen.AsmClassGenerator::visitMethodCallExpression (60 bytes)
Event: 1414.020 Thread 0x00007fc622122000 nmethod 7573 0x0000000119c7bf10 code [0x0000000119c7c120, 0x0000000119c7c608]
Event: 1414.020 Thread 0x00007fc622122000 7574       1       org.codehaus.groovy.ast.expr.ConstantExpression::toString (28 bytes)
Event: 1414.021 Thread 0x00007fc622122000 nmethod 7574 0x0000000119c7cb10 code [0x0000000119c7ccc0, 0x0000000119c7d028]
Event: 1414.021 Thread 0x00007fc622122000 7557       1       org.codehaus.groovy.ast.expr.ArrayExpression::makeArray (40 bytes)
Event: 1414.021 Thread 0x00007fc622122000 nmethod 7557 0x0000000119c7d250 code [0x0000000119c7d3e0, 0x0000000119c7d5a8]
Event: 1414.021 Thread 0x00007fc622122000 7554       1       org.codehaus.groovy.ast.ModuleNode::getContext (5 bytes)
Event: 1414.021 Thread 0x00007fc622122000 nmethod 7554 0x0000000119c7d710 code [0x0000000119c7d860, 0x0000000119c7d970]
Event: 1415.101 Thread 0x00007fc622122000 7575       1       org.springsource.loaded.TypeDiffComputer::sameInstruction (301 bytes)
Event: 1415.102 Thread 0x00007fc622122000 nmethod 7575 0x0000000119c7d9d0 code [0x0000000119c7dc80, 0x0000000119c7e6e8]

GC Heap History (10 events):
Event: 12.864 GC heap before
{Heap before GC invocations=23 (full 3):
 PSYoungGen      total 213504K, used 176128K [0x00000007b0000000, 0x00000007c0000000, 0x00000007c0000000)
  eden space 176128K, 100% used [0x00000007b0000000,0x00000007bac00000,0x00000007bac00000)
  from space 37376K, 0% used [0x00000007bac00000,0x00000007bac00000,0x00000007bd080000)
  to   space 47104K, 0% used [0x00000007bd200000,0x00000007bd200000,0x00000007c0000000)
 ParOldGen       total 524288K, used 81276K [0x0000000790000000, 0x00000007b0000000, 0x00000007b0000000)
  object space 524288K, 15% used [0x0000000790000000,0x0000000794f5f358,0x00000007b0000000)
 Metaspace       used 60859K, capacity 62110K, committed 62552K, reserved 1103872K
  class space    used 8348K, capacity 8709K, committed 8832K, reserved 1048576K
Event: 12.868 GC heap after
Heap after GC invocations=23 (full 3):
 PSYoungGen      total 214016K, used 3353K [0x00000007b0000000, 0x00000007c0000000, 0x00000007c0000000)
  eden space 166912K, 0% used [0x00000007b0000000,0x00000007b0000000,0x00000007ba300000)
  from space 47104K, 7% used [0x00000007bd200000,0x00000007bd546708,0x00000007c0000000)
  to   space 47616K, 0% used [0x00000007ba300000,0x00000007ba300000,0x00000007bd180000)
 ParOldGen       total 524288K, used 81284K [0x0000000790000000, 0x00000007b0000000, 0x00000007b0000000)
  object space 524288K, 15% used [0x0000000790000000,0x0000000794f61358,0x00000007b0000000)
 Metaspace       used 60859K, capacity 62110K, committed 62552K, reserved 1103872K
  class space    used 8348K, capacity 8709K, committed 8832K, reserved 1048576K
}
Event: 238.829 GC heap before
{Heap before GC invocations=24 (full 3):
 PSYoungGen      total 214016K, used 170265K [0x00000007b0000000, 0x00000007c0000000, 0x00000007c0000000)
  eden space 166912K, 100% used [0x00000007b0000000,0x00000007ba300000,0x00000007ba300000)
  from space 47104K, 7% used [0x00000007bd200000,0x00000007bd546708,0x00000007c0000000)
  to   space 47616K, 0% used [0x00000007ba300000,0x00000007ba300000,0x00000007bd180000)
 ParOldGen       total 524288K, used 81284K [0x0000000790000000, 0x00000007b0000000, 0x00000007b0000000)
  object space 524288K, 15% used [0x0000000790000000,0x0000000794f61358,0x00000007b0000000)
 Metaspace       used 64164K, capacity 65538K, committed 65752K, reserved 1105920K
  class space    used 8774K, capacity 9173K, committed 9216K, reserved 1048576K
Event: 238.836 GC heap after
Heap after GC invocations=24 (full 3):
 PSYoungGen      total 214528K, used 9519K [0x00000007b0000000, 0x00000007c0000000, 0x00000007c0000000)
  eden space 166912K, 0% used [0x00000007b0000000,0x00000007b0000000,0x00000007ba300000)
  from space 47616K, 19% used [0x00000007ba300000,0x00000007bac4bdd8,0x00000007bd180000)
  to   space 46592K, 0% used [0x00000007bd280000,0x00000007bd280000,0x00000007c0000000)
 ParOldGen       total 524288K, used 81292K [0x0000000790000000, 0x00000007b0000000, 0x00000007b0000000)
  object space 524288K, 15% used [0x0000000790000000,0x0000000794f63358,0x00000007b0000000)
 Metaspace       used 64164K, capacity 65538K, committed 65752K, reserved 1105920K
  class space    used 8774K, capacity 9173K, committed 9216K, reserved 1048576K
}
Event: 239.310 GC heap before
{Heap before GC invocations=25 (full 3):
 PSYoungGen      total 214528K, used 176431K [0x00000007b0000000, 0x00000007c0000000, 0x00000007c0000000)
  eden space 166912K, 100% used [0x00000007b0000000,0x00000007ba300000,0x00000007ba300000)
  from space 47616K, 19% used [0x00000007ba300000,0x00000007bac4bdd8,0x00000007bd180000)
  to   space 46592K, 0% used [0x00000007bd280000,0x00000007bd280000,0x00000007c0000000)
 ParOldGen       total 524288K, used 81292K [0x0000000790000000, 0x00000007b0000000, 0x00000007b0000000)
  object space 524288K, 15% used [0x0000000790000000,0x0000000794f63358,0x00000007b0000000)
 Metaspace       used 65693K, capacity 67042K, committed 67160K, reserved 1107968K
  class space    used 8947K, capacity 9333K, committed 9344K, reserved 1048576K
Event: 239.317 GC heap after
Heap after GC invocations=25 (full 3):
 PSYoungGen      total 216576K, used 9304K [0x00000007b0000000, 0x00000007c0000000, 0x00000007c0000000)
  eden space 169984K, 0% used [0x00000007b0000000,0x00000007b0000000,0x00000007ba600000)
  from space 46592K, 19% used [0x00000007bd280000,0x00000007bdb96040,0x00000007c0000000)
  to   space 45568K, 0% used [0x00000007ba600000,0x00000007ba600000,0x00000007bd280000)
 ParOldGen       total 524288K, used 81300K [0x0000000790000000, 0x00000007b0000000, 0x00000007b0000000)
  object space 524288K, 15% used [0x0000000790000000,0x0000000794f65358,0x00000007b0000000)
 Metaspace       used 65693K, capacity 67042K, committed 67160K, reserved 1107968K
  class space    used 8947K, capacity 9333K, committed 9344K, reserved 1048576K
}
Event: 904.329 GC heap before
{Heap before GC invocations=26 (full 3):
 PSYoungGen      total 216576K, used 179288K [0x00000007b0000000, 0x00000007c0000000, 0x00000007c0000000)
  eden space 169984K, 100% used [0x00000007b0000000,0x00000007ba600000,0x00000007ba600000)
  from space 46592K, 19% used [0x00000007bd280000,0x00000007bdb96040,0x00000007c0000000)
  to   space 45568K, 0% used [0x00000007ba600000,0x00000007ba600000,0x00000007bd280000)
 ParOldGen       total 524288K, used 81300K [0x0000000790000000, 0x00000007b0000000, 0x00000007b0000000)
  object space 524288K, 15% used [0x0000000790000000,0x0000000794f65358,0x00000007b0000000)
 Metaspace       used 67801K, capacity 69352K, committed 69592K, reserved 1110016K
  class space    used 9245K, capacity 9653K, committed 9728K, reserved 1048576K
Event: 904.358 GC heap after
Heap after GC invocations=26 (full 3):
 PSYoungGen      total 215552K, used 18570K [0x00000007b0000000, 0x00000007c0000000, 0x00000007c0000000)
  eden space 169984K, 0% used [0x00000007b0000000,0x00000007b0000000,0x00000007ba600000)
  from space 45568K, 40% used [0x00000007ba600000,0x00000007bb822968,0x00000007bd280000)
  to   space 43008K, 0% used [0x00000007bd600000,0x00000007bd600000,0x00000007c0000000)
 ParOldGen       total 524288K, used 81308K [0x0000000790000000, 0x00000007b0000000, 0x00000007b0000000)
  object space 524288K, 15% used [0x0000000790000000,0x0000000794f67358,0x00000007b0000000)
 Metaspace       used 67801K, capacity 69352K, committed 69592K, reserved 1110016K
  class space    used 9245K, capacity 9653K, committed 9728K, reserved 1048576K
}
Event: 943.876 GC heap before
{Heap before GC invocations=27 (full 3):
 PSYoungGen      total 215552K, used 188554K [0x00000007b0000000, 0x00000007c0000000, 0x00000007c0000000)
  eden space 169984K, 100% used [0x00000007b0000000,0x00000007ba600000,0x00000007ba600000)
  from space 45568K, 40% used [0x00000007ba600000,0x00000007bb822968,0x00000007bd280000)
  to   space 43008K, 0% used [0x00000007bd600000,0x00000007bd600000,0x00000007c0000000)
 ParOldGen       total 524288K, used 81308K [0x0000000790000000, 0x00000007b0000000, 0x00000007b0000000)
  object space 524288K, 15% used [0x0000000790000000,0x0000000794f67358,0x00000007b0000000)
 Metaspace       used 68874K, capacity 70506K, committed 70744K, reserved 1110016K
  class space    used 9347K, capacity 9769K, committed 9856K, reserved 1048576K
Event: 943.888 GC heap after
Heap after GC invocations=27 (full 3):
 PSYoungGen      total 219648K, used 22545K [0x00000007b0000000, 0x00000007c0000000, 0x00000007c0000000)
  eden space 176640K, 0% used [0x00000007b0000000,0x00000007b0000000,0x00000007bac80000)
  from space 43008K, 52% used [0x00000007bd600000,0x00000007bec045e0,0x00000007c0000000)
  to   space 42496K, 0% used [0x00000007bac80000,0x00000007bac80000,0x00000007bd600000)
 ParOldGen       total 524288K, used 81316K [0x0000000790000000, 0x00000007b0000000, 0x00000007b0000000)
  object space 524288K, 15% used [0x0000000790000000,0x0000000794f69358,0x00000007b0000000)
 Metaspace       used 68874K, capacity 70506K, committed 70744K, reserved 1110016K
  class space    used 9347K, capacity 9769K, committed 9856K, reserved 1048576K
}

Deoptimization events (0 events):
No events

Classes redefined (0 events):
No events

Internal exceptions (10 events):
Event: 1414.017 Thread 0x00007fc6212b1000 Exception <a 'java/lang/ArrayIndexOutOfBoundsException'> (0x00000007b2b2a638) thrown at [/jenkins/workspace/8-2-build-macosx-x86_64/jdk8u271/605/hotspot/src/share/vm/runtime/sharedRuntime.cpp, line 609]
Event: 1414.017 Thread 0x00007fc6212b1000 Exception <a 'java/lang/ArrayIndexOutOfBoundsException'> (0x00000007b2b2bf28) thrown at [/jenkins/workspace/8-2-build-macosx-x86_64/jdk8u271/605/hotspot/src/share/vm/runtime/sharedRuntime.cpp, line 609]
Event: 1414.017 Thread 0x00007fc6212b1000 Exception <a 'java/lang/ArrayIndexOutOfBoundsException'> (0x00000007b2b2e190) thrown at [/jenkins/workspace/8-2-build-macosx-x86_64/jdk8u271/605/hotspot/src/share/vm/runtime/sharedRuntime.cpp, line 609]
Event: 1414.017 Thread 0x00007fc6212b1000 Exception <a 'java/lang/ArrayIndexOutOfBoundsException'> (0x00000007b2b303a0) thrown at [/jenkins/workspace/8-2-build-macosx-x86_64/jdk8u271/605/hotspot/src/share/vm/runtime/sharedRuntime.cpp, line 609]
Event: 1414.017 Thread 0x00007fc6212b1000 Exception <a 'java/lang/ArrayIndexOutOfBoundsException'> (0x00000007b2b31c10) thrown at [/jenkins/workspace/8-2-build-macosx-x86_64/jdk8u271/605/hotspot/src/share/vm/runtime/sharedRuntime.cpp, line 609]
Event: 1414.017 Thread 0x00007fc6212b1000 Exception <a 'java/lang/ArrayIndexOutOfBoundsException'> (0x00000007b2b336f8) thrown at [/jenkins/workspace/8-2-build-macosx-x86_64/jdk8u271/605/hotspot/src/share/vm/runtime/sharedRuntime.cpp, line 609]
Event: 1414.017 Thread 0x00007fc6212b1000 Exception <a 'java/lang/ArrayIndexOutOfBoundsException'> (0x00000007b2b35210) thrown at [/jenkins/workspace/8-2-build-macosx-x86_64/jdk8u271/605/hotspot/src/share/vm/runtime/sharedRuntime.cpp, line 609]
Event: 1414.017 Thread 0x00007fc6212b1000 Exception <a 'java/lang/ArrayIndexOutOfBoundsException'> (0x00000007b2b36688) thrown at [/jenkins/workspace/8-2-build-macosx-x86_64/jdk8u271/605/hotspot/src/share/vm/runtime/sharedRuntime.cpp, line 609]
Event: 1414.017 Thread 0x00007fc6212b1000 Exception <a 'java/lang/ArrayIndexOutOfBoundsException'> (0x00000007b2b38168) thrown at [/jenkins/workspace/8-2-build-macosx-x86_64/jdk8u271/605/hotspot/src/share/vm/runtime/sharedRuntime.cpp, line 609]
Event: 1414.017 Thread 0x00007fc6212b1000 Exception <a 'java/lang/ArrayIndexOutOfBoundsException'> (0x00000007b2b39898) thrown at [/jenkins/workspace/8-2-build-macosx-x86_64/jdk8u271/605/hotspot/src/share/vm/runtime/sharedRuntime.cpp, line 609]

Events (10 events):
Event: 1414.017 Thread 0x00007fc6212b1000 DEOPT PACKING pc=0x0000000118e845d8 sp=0x000070000bcf7300
Event: 1414.017 Thread 0x00007fc6212b1000 DEOPT UNPACKING pc=0x0000000118c55784 sp=0x000070000bcf7040 mode 1
Event: 1414.017 Thread 0x00007fc6212b1000 DEOPT PACKING pc=0x0000000118e845d8 sp=0x000070000bcf7140
Event: 1414.017 Thread 0x00007fc6212b1000 DEOPT UNPACKING pc=0x0000000118c55784 sp=0x000070000bcf6e80 mode 1
Event: 1414.017 Thread 0x00007fc6212b1000 DEOPT PACKING pc=0x0000000118e845d8 sp=0x000070000bcf7140
Event: 1414.017 Thread 0x00007fc6212b1000 DEOPT UNPACKING pc=0x0000000118c55784 sp=0x000070000bcf6e80 mode 1
Event: 1414.017 Thread 0x00007fc6212b1000 DEOPT PACKING pc=0x0000000118e845d8 sp=0x000070000bcf7140
Event: 1414.017 Thread 0x00007fc6212b1000 DEOPT UNPACKING pc=0x0000000118c55784 sp=0x000070000bcf6e80 mode 1
Event: 1414.017 Thread 0x00007fc6212b1000 DEOPT PACKING pc=0x0000000118e845d8 sp=0x000070000bcf7140
Event: 1414.017 Thread 0x00007fc6212b1000 DEOPT UNPACKING pc=0x0000000118c55784 sp=0x000070000bcf6e80 mode 1


Dynamic libraries:
0x00007fff34fc1000 	/System/Library/Frameworks/Cocoa.framework/Versions/A/Cocoa
0x00007fff221fe000 	/System/Library/Frameworks/Security.framework/Versions/A/Security
0x00007fff331c0000 	/System/Library/Frameworks/ApplicationServices.framework/Versions/A/ApplicationServices
0x00007fff2a483000 	/usr/lib/libz.1.dylib
0x00007fff2a54b000 	/usr/lib/libSystem.B.dylib
0x00007fff203c6000 	/System/Library/Frameworks/CoreFoundation.framework/Versions/A/CoreFoundation
0x00007fff21173000 	/System/Library/Frameworks/Foundation.framework/Versions/C/Foundation
0x00007fff201e6000 	/usr/lib/libobjc.A.dylib
0x00007fff22c24000 	/System/Library/Frameworks/AppKit.framework/Versions/C/AppKit
0x00007fff25aba000 	/System/Library/Frameworks/CoreData.framework/Versions/A/CoreData
0x00007fff23987000 	/System/Library/PrivateFrameworks/UIFoundation.framework/Versions/A/UIFoundation
0x00007fff2fba4000 	/System/Library/PrivateFrameworks/RemoteViewServices.framework/Versions/A/RemoteViewServices
0x00007fff289ad000 	/System/Library/PrivateFrameworks/XCTTargetBootstrap.framework/Versions/A/XCTTargetBootstrap
0x00007fff2b68a000 	/usr/lib/libspindump.dylib
0x00007fff23bdb000 	/System/Library/Frameworks/UniformTypeIdentifiers.framework/Versions/A/UniformTypeIdentifiers
0x00007fff27184000 	/usr/lib/libapp_launch_measurement.dylib
0x00007fff27187000 	/System/Library/PrivateFrameworks/CoreAutoLayout.framework/Versions/A/CoreAutoLayout
0x00007fff2830f000 	/System/Library/Frameworks/Metal.framework/Versions/A/Metal
0x00007fff28ffe000 	/usr/lib/liblangid.dylib
0x00007fff289b1000 	/System/Library/PrivateFrameworks/CoreSVG.framework/Versions/A/CoreSVG
0x00007fff24bc2000 	/System/Library/PrivateFrameworks/SkyLight.framework/Versions/A/SkyLight
0x00007fff24f28000 	/System/Library/Frameworks/CoreGraphics.framework/Versions/A/CoreGraphics
0x00007fff301fb000 	/System/Library/Frameworks/Accelerate.framework/Versions/A/Accelerate
0x00007fff2b0c5000 	/System/Library/PrivateFrameworks/IconServices.framework/Versions/A/IconServices
0x00007fff282f4000 	/System/Library/Frameworks/IOSurface.framework/Versions/A/IOSurface
0x00007fff26443000 	/usr/lib/libDiagnosticMessagesClient.dylib
0x00007fff28999000 	/System/Library/PrivateFrameworks/DFRFoundation.framework/Versions/A/DFRFoundation
0x00007fff22550000 	/usr/lib/libicucore.A.dylib
0x00007fff2cbcc000 	/System/Library/Frameworks/AudioToolbox.framework/Versions/A/AudioToolbox
0x00007fff2be72000 	/System/Library/PrivateFrameworks/DataDetectorsCore.framework/Versions/A/DataDetectorsCore
0x00007fff28699000 	/System/Library/Frameworks/Carbon.framework/Versions/A/Frameworks/HIToolbox.framework/Versions/A/HIToolbox
0x00007fff26bdc000 	/System/Library/Frameworks/QuartzCore.framework/Versions/A/QuartzCore
0x00007fff2fbe0000 	/System/Library/Frameworks/Carbon.framework/Versions/A/Frameworks/SpeechRecognition.framework/Versions/A/SpeechRecognition
0x00007fff26eec000 	/System/Library/PrivateFrameworks/CoreUI.framework/Versions/A/CoreUI
0x00007fff21b5a000 	/System/Library/Frameworks/CoreAudio.framework/Versions/A/CoreAudio
0x00007fff2652e000 	/System/Library/Frameworks/DiskArbitration.framework/Versions/A/DiskArbitration
0x00007fff2ba85000 	/System/Library/PrivateFrameworks/MultitouchSupport.framework/Versions/A/MultitouchSupport
0x00007fff2be69000 	/System/Library/PrivateFrameworks/InternationalSupport.framework/Versions/A/InternationalSupport
0x00007fff24b36000 	/usr/lib/libenergytrace.dylib
0x00007fff22b1e000 	/System/Library/Frameworks/IOKit.framework/Versions/A/IOKit
0x00007fff2ff2d000 	/System/Library/Frameworks/CoreServices.framework/Versions/A/CoreServices
0x00007fff2711a000 	/System/Library/PrivateFrameworks/PerformanceAnalysis.framework/Versions/A/PerformanceAnalysis
0x00007fff6c82a000 	/System/Library/Frameworks/OpenGL.framework/Versions/A/OpenGL
0x00007fff2beee000 	/System/Library/PrivateFrameworks/UserActivity.framework/Versions/A/UserActivity
0x00007fff255bc000 	/System/Library/Frameworks/ColorSync.framework/Versions/A/ColorSync
0x00007fff28c15000 	/System/Library/Frameworks/CoreImage.framework/Versions/A/CoreImage
0x00007fff21971000 	/System/Library/Frameworks/CoreText.framework/Versions/A/CoreText
0x00007fff289db000 	/System/Library/Frameworks/ImageIO.framework/Versions/A/ImageIO
0x00007fff2a551000 	/System/Library/PrivateFrameworks/SoftLinking.framework/Versions/A/SoftLinking
0x00007fff271d0000 	/usr/lib/libxml2.2.dylib
0x00007fff202ab000 	/usr/lib/libc++.1.dylib
0x00007fff2a7c3000 	/usr/lib/libcompression.dylib
0x00007fff24b37000 	/usr/lib/libMobileGestalt.dylib
0x00007fff2bd9c000 	/System/Library/PrivateFrameworks/TextureIO.framework/Versions/A/TextureIO
0x00007fff2ade8000 	/usr/lib/libate.dylib
0x00007fff2a545000 	/usr/lib/system/libcache.dylib
0x00007fff2a501000 	/usr/lib/system/libcommonCrypto.dylib
0x00007fff2a52b000 	/usr/lib/system/libcompiler_rt.dylib
0x00007fff2a520000 	/usr/lib/system/libcopyfile.dylib
0x00007fff200d5000 	/usr/lib/system/libcorecrypto.dylib
0x00007fff201a1000 	/usr/lib/system/libdispatch.dylib
0x00007fff20355000 	/usr/lib/system/libdyld.dylib
0x00007fff2a53c000 	/usr/lib/system/libkeymgr.dylib
0x00007fff2d97e000 	/usr/lib/system/liblaunch.dylib
0x00007fff2a4df000 	/usr/lib/system/libmacho.dylib
0x00007fff29cfa000 	/usr/lib/system/libquarantine.dylib
0x00007fff2a539000 	/usr/lib/system/libremovefile.dylib
0x00007fff24b93000 	/usr/lib/system/libsystem_asl.dylib
0x00007fff20085000 	/usr/lib/system/libsystem_blocks.dylib
0x00007fff20222000 	/usr/lib/system/libsystem_c.dylib
0x00007fff2a533000 	/usr/lib/system/libsystem_collections.dylib
0x00007fff28fef000 	/usr/lib/system/libsystem_configuration.dylib
0x00007fff282e3000 	/usr/lib/system/libsystem_containermanager.dylib
0x00007fff2a27b000 	/usr/lib/system/libsystem_coreservices.dylib
0x00007fff227b2000 	/usr/lib/system/libsystem_darwin.dylib
0x00007fff2a53d000 	/usr/lib/system/libsystem_dnssd.dylib
0x00007fff2021f000 	/usr/lib/system/libsystem_featureflags.dylib
0x00007fff2039a000 	/usr/lib/system/libsystem_info.dylib
0x00007fff2a496000 	/usr/lib/system/libsystem_m.dylib
0x00007fff20174000 	/usr/lib/system/libsystem_malloc.dylib
0x00007fff24b27000 	/usr/lib/system/libsystem_networkextension.dylib
0x00007fff22bcc000 	/usr/lib/system/libsystem_notify.dylib
0x00007fff2fe2b000 	/usr/lib/system/libsystem_product_info_filter.dylib
0x00007fff28ff3000 	/usr/lib/system/libsystem_sandbox.dylib
0x00007fff2a536000 	/usr/lib/system/libsystem_secinit.dylib
0x00007fff2031a000 	/usr/lib/system/libsystem_kernel.dylib
0x00007fff20390000 	/usr/lib/system/libsystem_platform.dylib
0x00007fff20349000 	/usr/lib/system/libsystem_pthread.dylib
0x00007fff26291000 	/usr/lib/system/libsystem_symptoms.dylib
0x00007fff200bd000 	/usr/lib/system/libsystem_trace.dylib
0x00007fff2a50d000 	/usr/lib/system/libunwind.dylib
0x00007fff20087000 	/usr/lib/system/libxpc.dylib
0x00007fff20301000 	/usr/lib/libc++abi.dylib
0x00007fff2a518000 	/usr/lib/liboah.dylib
0x00007fff2abce000 	/usr/lib/liblzma.5.dylib
0x00007fff20e87000 	/System/Library/Frameworks/SystemConfiguration.framework/Versions/A/SystemConfiguration
0x00007fff2a54d000 	/usr/lib/libfakelink.dylib
0x00007fff24689000 	/System/Library/Frameworks/CFNetwork.framework/Versions/A/CFNetwork
0x00007fff2a68d000 	/usr/lib/libarchive.2.dylib
0x00007fff20f05000 	/usr/lib/libCRFSuite.dylib
0x00007fff29d21000 	/usr/lib/libbsm.0.dylib
0x00007fff24045000 	/usr/lib/libnetwork.dylib
0x00007fff2a552000 	/usr/lib/libpcap.A.dylib
0x00007fff2628a000 	/usr/lib/libdns_services.dylib
0x00007fff2abe7000 	/usr/lib/libcoretls_cfhelpers.dylib
0x00007fff2a791000 	/usr/lib/libapple_nghttp2.dylib
0x00007fff2a4e5000 	/usr/lib/system/libkxld.dylib
0x00007fff25ef0000 	/usr/lib/libsqlite3.dylib
0x00007fff2a25d000 	/System/Library/PrivateFrameworks/AppleFSCompression.framework/Versions/A/AppleFSCompression
0x00007fff29d09000 	/usr/lib/libcoretls.dylib
0x00007fff2a7be000 	/usr/lib/libpam.2.dylib
0x00007fff2ace3000 	/usr/lib/libxar.1.dylib
0x00007fff28ffa000 	/System/Library/PrivateFrameworks/AppleSystemInfo.framework/Versions/A/AppleSystemInfo
0x00007fff2994c000 	/System/Library/PrivateFrameworks/IOMobileFramebuffer.framework/Versions/A/IOMobileFramebuffer
0x00007fff2a26d000 	/usr/lib/libbz2.1.0.dylib
0x00007fff2a58a000 	/usr/lib/libiconv.2.dylib
0x00007fff2a4de000 	/usr/lib/libcharset.1.dylib
0x00007fff27156000 	/System/Library/Frameworks/CoreServices.framework/Versions/A/Frameworks/FSEvents.framework/Versions/A/FSEvents
0x00007fff227bc000 	/System/Library/Frameworks/CoreServices.framework/Versions/A/Frameworks/CarbonCore.framework/Versions/A/CarbonCore
0x00007fff26493000 	/System/Library/Frameworks/CoreServices.framework/Versions/A/Frameworks/Metadata.framework/Versions/A/Metadata
0x00007fff2a280000 	/System/Library/Frameworks/CoreServices.framework/Versions/A/Frameworks/OSServices.framework/Versions/A/OSServices
0x00007fff2a6ff000 	/System/Library/Frameworks/CoreServices.framework/Versions/A/Frameworks/SearchKit.framework/Versions/A/SearchKit
0x00007fff26214000 	/System/Library/Frameworks/CoreServices.framework/Versions/A/Frameworks/AE.framework/Versions/A/AE
0x00007fff20862000 	/System/Library/Frameworks/CoreServices.framework/Versions/A/Frameworks/LaunchServices.framework/Versions/A/LaunchServices
0x00007fff2ab7f000 	/System/Library/Frameworks/CoreServices.framework/Versions/A/Frameworks/DictionaryServices.framework/Versions/A/DictionaryServices
0x00007fff2715f000 	/System/Library/Frameworks/CoreServices.framework/Versions/A/Frameworks/SharedFileList.framework/Versions/A/SharedFileList
0x00007fff29cfd000 	/usr/lib/libCheckFix.dylib
0x00007fff24baa000 	/System/Library/PrivateFrameworks/TCC.framework/Versions/A/TCC
0x00007fff29000000 	/System/Library/PrivateFrameworks/CoreNLP.framework/Versions/A/CoreNLP
0x00007fff26446000 	/System/Library/PrivateFrameworks/MetadataUtilities.framework/Versions/A/MetadataUtilities
0x00007fff20f3b000 	/usr/lib/libmecabra.dylib
0x00007fff2a010000 	/System/Library/Frameworks/MLCompute.framework/Versions/A/MLCompute
0x00007fff29d32000 	/usr/lib/libmecab.dylib
0x00007fff29d7c000 	/usr/lib/libgermantok.dylib
0x00007fff2a767000 	/usr/lib/libThaiTokenizer.dylib
0x00007fff2ad1e000 	/usr/lib/libChineseTokenizer.dylib
0x00007fff2a7bc000 	/System/Library/Frameworks/MetalPerformanceShaders.framework/Versions/A/MetalPerformanceShaders
0x00007fff26535000 	/System/Library/Frameworks/Accelerate.framework/Versions/A/Frameworks/vImage.framework/Versions/A/vImage
0x00007fff2ff06000 	/System/Library/Frameworks/Accelerate.framework/Versions/A/Frameworks/vecLib.framework/Versions/A/vecLib
0x00007fff2ad29000 	/System/Library/Frameworks/Accelerate.framework/Versions/A/Frameworks/vecLib.framework/Versions/A/libvMisc.dylib
0x00007fff29765000 	/System/Library/Frameworks/Accelerate.framework/Versions/A/Frameworks/vecLib.framework/Versions/A/libvDSP.dylib
0x00007fff20b66000 	/System/Library/Frameworks/Accelerate.framework/Versions/A/Frameworks/vecLib.framework/Versions/A/libBLAS.dylib
0x00007fff2a7e2000 	/System/Library/Frameworks/Accelerate.framework/Versions/A/Frameworks/vecLib.framework/Versions/A/libLAPACK.dylib
0x00007fff29d82000 	/System/Library/Frameworks/Accelerate.framework/Versions/A/Frameworks/vecLib.framework/Versions/A/libLinearAlgebra.dylib
0x00007fff2a7a9000 	/System/Library/Frameworks/Accelerate.framework/Versions/A/Frameworks/vecLib.framework/Versions/A/libSparseBLAS.dylib
0x00007fff2a7dc000 	/System/Library/Frameworks/Accelerate.framework/Versions/A/Frameworks/vecLib.framework/Versions/A/libQuadrature.dylib
0x00007fff290a8000 	/System/Library/Frameworks/Accelerate.framework/Versions/A/Frameworks/vecLib.framework/Versions/A/libBNNS.dylib
0x00007fff20e18000 	/System/Library/Frameworks/Accelerate.framework/Versions/A/Frameworks/vecLib.framework/Versions/A/libSparse.dylib
0x00007fff28f93000 	/System/Library/Frameworks/MetalPerformanceShaders.framework/Versions/A/Frameworks/MPSCore.framework/Versions/A/MPSCore
0x00007fff2a1cc000 	/System/Library/Frameworks/MetalPerformanceShaders.framework/Versions/A/Frameworks/MPSImage.framework/Versions/A/MPSImage
0x00007fff29d98000 	/System/Library/Frameworks/MetalPerformanceShaders.framework/Versions/A/Frameworks/MPSNeuralNetwork.framework/Versions/A/MPSNeuralNetwork
0x00007fff2a157000 	/System/Library/Frameworks/MetalPerformanceShaders.framework/Versions/A/Frameworks/MPSMatrix.framework/Versions/A/MPSMatrix
0x00007fff29fc0000 	/System/Library/Frameworks/MetalPerformanceShaders.framework/Versions/A/Frameworks/MPSRayIntersector.framework/Versions/A/MPSRayIntersector
0x00007fff2a18e000 	/System/Library/Frameworks/MetalPerformanceShaders.framework/Versions/A/Frameworks/MPSNDArray.framework/Versions/A/MPSNDArray
0x00007fff20a92000 	/System/Library/PrivateFrameworks/MetalTools.framework/Versions/A/MetalTools
0x00007fff28ff8000 	/System/Library/PrivateFrameworks/AggregateDictionary.framework/Versions/A/AggregateDictionary
0x00007fff2641e000 	/System/Library/PrivateFrameworks/CoreAnalytics.framework/Versions/A/CoreAnalytics
0x00007fff2a769000 	/System/Library/PrivateFrameworks/AppleSauce.framework/Versions/A/AppleSauce
0x00007fff28306000 	/System/Library/PrivateFrameworks/IOAccelerator.framework/Versions/A/IOAccelerator
0x00007fff6c81e000 	/System/Library/Frameworks/OpenGL.framework/Versions/A/Libraries/libCoreFSCache.dylib
0x00007fff214d7000 	/System/Library/PrivateFrameworks/LanguageModeling.framework/Versions/A/LanguageModeling
0x00007fff29939000 	/System/Library/PrivateFrameworks/CoreEmoji.framework/Versions/A/CoreEmoji
0x00007fff290a1000 	/System/Library/PrivateFrameworks/LinguisticData.framework/Versions/A/LinguisticData
0x00007fff20dca000 	/System/Library/PrivateFrameworks/Lexicon.framework/Versions/A/Lexicon
0x00007fff2a67b000 	/usr/lib/libcmph.dylib
0x00007fff27136000 	/System/Library/Frameworks/OpenDirectory.framework/Versions/A/Frameworks/CFOpenDirectory.framework/Versions/A/CFOpenDirectory
0x00007fff27126000 	/System/Library/Frameworks/OpenDirectory.framework/Versions/A/OpenDirectory
0x00007fff2abe9000 	/System/Library/PrivateFrameworks/APFS.framework/Versions/A/APFS
0x00007fff29c5e000 	/System/Library/Frameworks/SecurityFoundation.framework/Versions/A/SecurityFoundation
0x00007fff2acf1000 	/usr/lib/libutil.dylib
0x00007fff22ae3000 	/System/Library/PrivateFrameworks/CoreServicesStore.framework/Versions/A/CoreServicesStore
0x00007fff29cf5000 	/System/Library/Frameworks/ServiceManagement.framework/Versions/A/ServiceManagement
0x00007fff2acf5000 	/usr/lib/libxslt.1.dylib
0x00007fff29ceb000 	/System/Library/PrivateFrameworks/BackgroundTaskManagement.framework/Versions/A/BackgroundTaskManagement
0x00007fff2bce6000 	/System/Library/Frameworks/ImageIO.framework/Versions/A/Resources/libRadiance.dylib
0x00007fff2bcf0000 	/System/Library/Frameworks/ImageIO.framework/Versions/A/Resources/libJPEG.dylib
0x00007fff2bc3f000 	/System/Library/Frameworks/ImageIO.framework/Versions/A/Resources/libPng.dylib
0x00007fff2bc66000 	/System/Library/Frameworks/ImageIO.framework/Versions/A/Resources/libTIFF.dylib
0x00007fff2bd45000 	/System/Library/Frameworks/ImageIO.framework/Versions/A/Resources/libGIF.dylib
0x00007fff2b9a2000 	/System/Library/Frameworks/ImageIO.framework/Versions/A/Resources/libJP2.dylib
0x00007fff2b08c000 	/usr/lib/libexpat.1.dylib
0x00007fff2b957000 	/System/Library/PrivateFrameworks/AppleJPEG.framework/Versions/A/AppleJPEG
0x00007fff2853c000 	/System/Library/PrivateFrameworks/FontServices.framework/libFontParser.dylib
0x00007fff261c8000 	/System/Library/PrivateFrameworks/RunningBoardServices.framework/Versions/A/RunningBoardServices
0x00007fff2ba81000 	/System/Library/PrivateFrameworks/WatchdogClient.framework/Versions/A/WatchdogClient
0x00007fff215c4000 	/System/Library/Frameworks/CoreDisplay.framework/Versions/A/CoreDisplay
0x00007fff28452000 	/System/Library/Frameworks/CoreMedia.framework/Versions/A/CoreMedia
0x00007fff272b3000 	/System/Library/Frameworks/CoreVideo.framework/Versions/A/CoreVideo
0x00007fff2bab9000 	/System/Library/Frameworks/VideoToolbox.framework/Versions/A/VideoToolbox
0x00007fff26146000 	/System/Library/PrivateFrameworks/BaseBoard.framework/Versions/A/BaseBoard
0x00007fff2b1d1000 	/System/Library/PrivateFrameworks/PersistentConnection.framework/Versions/A/PersistentConnection
0x00007fff25ed9000 	/System/Library/PrivateFrameworks/ProtocolBuffer.framework/Versions/A/ProtocolBuffer
0x00007fff2612d000 	/System/Library/PrivateFrameworks/CommonUtilities.framework/Versions/A/CommonUtilities
0x00007fff2b8ec000 	/System/Library/PrivateFrameworks/Bom.framework/Versions/A/Bom
0x00007fff2bcdf000 	/System/Library/PrivateFrameworks/GPUWrangler.framework/Versions/A/GPUWrangler
0x00007fff2bcc4000 	/System/Library/PrivateFrameworks/IOPresentment.framework/Versions/A/IOPresentment
0x00007fff2bcea000 	/System/Library/PrivateFrameworks/DSExternalDisplay.framework/Versions/A/DSExternalDisplay
0x00007fff2bd4a000 	/System/Library/PrivateFrameworks/CMCaptureCore.framework/Versions/A/CMCaptureCore
0x00007fff2b671000 	/System/Library/PrivateFrameworks/AppServerSupport.framework/Versions/A/AppServerSupport
0x00007fff2d71d000 	/System/Library/PrivateFrameworks/perfdata.framework/Versions/A/perfdata
0x00007fff29c4d000 	/System/Library/PrivateFrameworks/AssertionServices.framework/Versions/A/AssertionServices
0x00007fff216fb000 	/System/Library/PrivateFrameworks/AudioToolboxCore.framework/Versions/A/AudioToolboxCore
0x00007fff28435000 	/System/Library/PrivateFrameworks/caulk.framework/Versions/A/caulk
0x00007fff3d3aa000 	/System/Library/PrivateFrameworks/SystemPolicy.framework/Versions/A/SystemPolicy
0x00007fff2ae81000 	/usr/lib/libIOReport.dylib
0x00007fff2cf3f000 	/usr/lib/libSMC.dylib
0x00007fff2bc0c000 	/usr/lib/libAudioToolboxUtility.dylib
0x00007fff3dd14000 	/usr/lib/libmis.dylib
0x00007fff6c87a000 	/System/Library/Frameworks/OpenGL.framework/Versions/A/Libraries/libGLU.dylib
0x00007fff6c83d000 	/System/Library/Frameworks/OpenGL.framework/Versions/A/Libraries/libGFXShared.dylib
0x00007fff6ca4c000 	/System/Library/Frameworks/OpenGL.framework/Versions/A/Libraries/libGL.dylib
0x00007fff6c846000 	/System/Library/Frameworks/OpenGL.framework/Versions/A/Libraries/libGLImage.dylib
0x00007fff6c83a000 	/System/Library/Frameworks/OpenGL.framework/Versions/A/Libraries/libCVMSPluginSupport.dylib
0x00007fff6c825000 	/System/Library/Frameworks/OpenGL.framework/Versions/A/Libraries/libCoreVMClient.dylib
0x00007fff6de8d000 	/System/Library/Frameworks/OpenCL.framework/Versions/A/OpenCL
0x00007fff2b1fb000 	/System/Library/PrivateFrameworks/GraphVisualizer.framework/Versions/A/GraphVisualizer
0x00007fff2b20a000 	/System/Library/PrivateFrameworks/FaceCore.framework/Versions/A/FaceCore
0x00007fff2b626000 	/System/Library/PrivateFrameworks/OTSVG.framework/Versions/A/OTSVG
0x00007fff26eaa000 	/System/Library/Frameworks/ApplicationServices.framework/Versions/A/Frameworks/ATS.framework/Versions/A/Resources/libFontRegistry.dylib
0x00007fff2b678000 	/System/Library/PrivateFrameworks/FontServices.framework/libhvf.dylib
0x00007fff2b038000 	/System/Library/PrivateFrameworks/AppleVA.framework/Versions/A/AppleVA
0x00007fff2cd88000 	/System/Library/Frameworks/ApplicationServices.framework/Versions/A/Frameworks/ATS.framework/Versions/A/ATS
0x00007fff2d09a000 	/System/Library/Frameworks/ApplicationServices.framework/Versions/A/Frameworks/ColorSyncLegacy.framework/Versions/A/ColorSyncLegacy
0x00007fff256b3000 	/System/Library/Frameworks/ApplicationServices.framework/Versions/A/Frameworks/HIServices.framework/Versions/A/HIServices
0x00007fff2d07f000 	/System/Library/Frameworks/ApplicationServices.framework/Versions/A/Frameworks/LangAnalysis.framework/Versions/A/LangAnalysis
0x00007fff2bd54000 	/System/Library/Frameworks/ApplicationServices.framework/Versions/A/Frameworks/PrintCore.framework/Versions/A/PrintCore
0x00007fff2d0a2000 	/System/Library/Frameworks/ApplicationServices.framework/Versions/A/Frameworks/QD.framework/Versions/A/QD
0x00007fff2cd78000 	/System/Library/Frameworks/ApplicationServices.framework/Versions/A/Frameworks/SpeechSynthesis.framework/Versions/A/SpeechSynthesis
0x00007fff2bd15000 	/System/Library/Frameworks/ApplicationServices.framework/Versions/A/Frameworks/ATSUI.framework/Versions/A/ATSUI
0x00007fff2d01f000 	/usr/lib/libcups.2.dylib
0x00007fff2d08f000 	/System/Library/PrivateFrameworks/NetAuth.framework/Versions/A/NetAuth
0x00007fff2d739000 	/System/Library/Frameworks/Kerberos.framework/Versions/A/Kerberos
0x00007fff2d749000 	/System/Library/Frameworks/GSS.framework/Versions/A/GSS
0x00007fff2cdf4000 	/usr/lib/libresolv.9.dylib
0x00007fff2b68d000 	/System/Library/PrivateFrameworks/Heimdal.framework/Versions/A/Heimdal
0x00007fff334c0000 	/System/Library/Frameworks/Kerberos.framework/Versions/A/Libraries/libHeimdalProxy.dylib
0x00007fff26299000 	/System/Library/Frameworks/Network.framework/Versions/A/Network
0x00007fff2b0a6000 	/usr/lib/libheimdal-asn1.dylib
0x00007fff2d799000 	/System/Library/PrivateFrameworks/CommonAuth.framework/Versions/A/CommonAuth
0x00007fff27300000 	/System/Library/PrivateFrameworks/login.framework/Versions/A/Frameworks/loginsupport.framework/Versions/A/loginsupport
0x00007fff2ccfd000 	/System/Library/PrivateFrameworks/AudioSession.framework/Versions/A/AudioSession
0x00007fff2cd65000 	/usr/lib/libAudioStatistics.dylib
0x00007fff2b133000 	/System/Library/PrivateFrameworks/MediaExperience.framework/Versions/A/MediaExperience
0x00007fff2cb9a000 	/System/Library/PrivateFrameworks/AudioSession.framework/libSessionUtility.dylib
0x00007fff2d72a000 	/usr/lib/libperfcheck.dylib
0x00007fff2d0ae000 	/System/Library/PrivateFrameworks/AudioResourceArbitration.framework/Versions/A/AudioResourceArbitration
0x00007fff2b0b0000 	/System/Library/PrivateFrameworks/IconFoundation.framework/Versions/A/IconFoundation
0x00007fff2fbd0000 	/System/Library/PrivateFrameworks/SpeechRecognitionCore.framework/Versions/A/SpeechRecognitionCore
0x0000000111800000 	/Library/Java/JavaVirtualMachines/jdk1.8.0_271.jdk/Contents/Home/jre/lib/server/libjvm.dylib
0x000000010d51b000 	/Library/Java/JavaVirtualMachines/jdk1.8.0_271.jdk/Contents/Home/jre/lib/libverify.dylib
0x000000010d52c000 	/Library/Java/JavaVirtualMachines/jdk1.8.0_271.jdk/Contents/Home/jre/lib/libjava.dylib
0x000000010d560000 	/Library/Java/JavaVirtualMachines/jdk1.8.0_271.jdk/Contents/Home/jre/lib/libinstrument.dylib
0x000000010d586000 	/Library/Java/JavaVirtualMachines/jdk1.8.0_271.jdk/Contents/Home/jre/lib/libjdwp.dylib
0x000000010d5d0000 	/Library/Java/JavaVirtualMachines/jdk1.8.0_271.jdk/Contents/Home/jre/lib/libnpt.dylib
0x000000010d622000 	/Library/Java/JavaVirtualMachines/jdk1.8.0_271.jdk/Contents/Home/jre/lib/libzip.dylib
0x000000011705d000 	/Library/Java/JavaVirtualMachines/jdk1.8.0_271.jdk/Contents/Home/jre/lib/libdt_socket.dylib
0x000000011707a000 	/Library/Java/JavaVirtualMachines/jdk1.8.0_271.jdk/Contents/Home/jre/lib/libnet.dylib
0x0000000117894000 	/Library/Java/JavaVirtualMachines/jdk1.8.0_271.jdk/Contents/Home/jre/lib/libmanagement.dylib
0x00000001180a5000 	/Library/Java/JavaVirtualMachines/jdk1.8.0_271.jdk/Contents/Home/jre/lib/libnio.dylib
0x0000000128e0e000 	/Library/Java/JavaVirtualMachines/jdk1.8.0_271.jdk/Contents/Home/jre/lib/libawt.dylib
0x0000000128eae000 	/Library/Java/JavaVirtualMachines/jdk1.8.0_271.jdk/Contents/Home/jre/lib/libmlib_image.dylib
0x00007fff6f6b2000 	/System/Library/Frameworks/JavaNativeFoundation.framework/Versions/A/JavaNativeFoundation
0x00007fff6f6be000 	/System/Library/Frameworks/JavaRuntimeSupport.framework/Versions/A/JavaRuntimeSupport
0x00007fff3d122000 	/System/Library/Frameworks/Carbon.framework/Versions/A/Carbon
0x00007fff31b96000 	/System/Library/PrivateFrameworks/CoreSymbolication.framework/Versions/A/CoreSymbolication
0x00007fff36428000 	/System/Library/Frameworks/Carbon.framework/Versions/A/Frameworks/CommonPanels.framework/Versions/A/CommonPanels
0x00007fff32f7b000 	/System/Library/Frameworks/Carbon.framework/Versions/A/Frameworks/Help.framework/Versions/A/Help
0x00007fff3642c000 	/System/Library/Frameworks/Carbon.framework/Versions/A/Frameworks/ImageCapture.framework/Versions/A/ImageCapture
0x00007fff36404000 	/System/Library/Frameworks/Carbon.framework/Versions/A/Frameworks/OpenScripting.framework/Versions/A/OpenScripting
0x00007fff36424000 	/System/Library/Frameworks/Carbon.framework/Versions/A/Frameworks/Ink.framework/Versions/A/Ink
0x00007fff3d11e000 	/System/Library/Frameworks/Carbon.framework/Versions/A/Frameworks/Print.framework/Versions/A/Print
0x00007fff36420000 	/System/Library/Frameworks/Carbon.framework/Versions/A/Frameworks/SecurityHI.framework/Versions/A/SecurityHI
0x00007fff31b59000 	/System/Library/PrivateFrameworks/DebugSymbols.framework/Versions/A/DebugSymbols
0x0000000128f6d000 	/Library/Java/JavaVirtualMachines/jdk1.8.0_271.jdk/Contents/Home/jre/lib/libawt_lwawt.dylib
0x000000012901c000 	/Library/Java/JavaVirtualMachines/jdk1.8.0_271.jdk/Contents/Home/jre/lib/libosxapp.dylib
0x00007fff3c4e2000 	/System/Library/Frameworks/ExceptionHandling.framework/Versions/A/ExceptionHandling

VM Arguments:
jvm_args: -Dgrails.env=development -Dgrails.full.stacktrace -Dinfo.app.grailsVersion=3.0.15 -Dinfo.app.name=SIMEI -Dinfo.app.version=0.1 -Djdk.reflect.allowGetCallerClass=true -Dspringloaded=inclusions=grails.plugins..*;synchronize=true;allowSplitPackages=true;cacheDir=/Users/agostini/Projetos/DOISTECH/SIMEI/build/springloaded -XX:+TieredCompilation -XX:TieredStopAtLevel=1 -XX:CICompilerCount=3 -javaagent:/Users/agostini/.gradle/caches/modules-2/files-2.1/org.springframework/springloaded/1.2.5.RELEASE/5286364198a1f41d028c1d758ef7e44d2b63d6b1/springloaded-1.2.5.RELEASE.jar -Xverify:none -agentlib:jdwp=transport=dt_socket,server=n,suspend=y,address=57015 -Xms768m -Xmx768m -Dfile.encoding=UTF-8 -Duser.country=BR -Duser.language=en -Duser.variant 
java_command: SIMEI.Application
java_class_path (initial): /Users/agostini/Projetos/DOISTECH/SIMEI/build/classes/main:/Users/agostini/Projetos/DOISTECH/SIMEI/build/resources/main:/Users/agostini/Projetos/DOISTECH/SIMEI/gsp-classes:/Users/agostini/.gradle/caches/modules-2/files-2.1/org.springframework.boot/spring-boot-starter-logging/1.2.7.RELEASE/5da2dd7325c5b812cc11681279c9ab0bc766e9c7/spring-boot-starter-logging-1.2.7.RELEASE.jar:/Users/agostini/.gradle/caches/modules-2/files-2.1/org.springframework.boot/spring-boot-starter-actuator/1.2.7.RELEASE/2f3ab8809a7d525ff060fbe6cbbff546386cd122/spring-boot-starter-actuator-1.2.7.RELEASE.jar:/Users/agostini/.gradle/caches/modules-2/files-2.1/org.springframework.boot/spring-boot-autoconfigure/1.2.7.RELEASE/5920116bb45bcb0f8006eb48d0f9279c94ed47d7/spring-boot-autoconfigure-1.2.7.RELEASE.jar:/Users/agostini/.gradle/caches/modules-2/files-2.1/org.springframework.boot/spring-boot-starter-tomcat/1.2.7.RELEASE/98229baad7ab207a98c2cce5987b0d34b44dabe7/spring-boot-starter-tomcat-1.2.7.RELEASE.jar:/Users/agostini/.gradle/caches/modules-2/files-2.1/org.grails/grails-web-boot/3.0.15/86e6e281aa096271048ea948abf4b0f4b558280/grails-web-boot-3.0.15.jar:/Users/agostini/.gradle/caches/modules-2/files-2.1/org.grails.plugins/hibernate/4.3.10.7/252ea1ce72206ed6b4bf61f28eb3595152f0248c/hibernate-4.3.10.7.jar:/Users/agostini/.gradle/caches/modules-2/files-2.1/org.grails.plugins/cache/3.0.2/519bc1bffb2afa10c93b92e872d49a5238e96558/cache-3.0.2.jar:/Users/agostini/.gradle/caches/modules-2/files-2.1/org.hibernate/hibernate-ehcache/4.3.11.Final/cea0e6aba102c00cf899bd547c338fcf54468433/hibernate-ehcache-4.3.11.Final.jar:/Users/agostini/.gradle/caches/modules-2/files-2.1/org.grails.plugins/scaffolding/3.1.3/1a482e8d9d3ebb648f6b4f734109ef18d53cc049/scaffolding-3.1.3.jar:/Users/agostini/.gradle/caches/modules-2/files-2.1/org.grails.plugins/zk/3.0.1-SNAPSHOT/5258b3e7cd4b8739a114bebe5fcfc59bfab1cd7/zk-3.0.1-SNAPSHOT.jar:/Users/agostini/.gradle/caches/modules-2/files-2.1/org.zkoss.zk/zk
Launcher Type: SUN_STANDARD

Environment Variables:
PATH=/usr/bin:/bin:/usr/sbin:/sbin
SHELL=/bin/zsh

Signal Handlers:
SIGSEGV: [libjvm.dylib+0x5a0dcb], sa_mask[0]=11111111011111110111111111111111, sa_flags=SA_ONSTACK|SA_RESTART|SA_SIGINFO
SIGBUS: [libjvm.dylib+0x5a0dcb], sa_mask[0]=11111111011111110111111111111111, sa_flags=SA_RESTART|SA_SIGINFO
SIGFPE: [libjvm.dylib+0x491731], sa_mask[0]=11111111011111110111111111111111, sa_flags=SA_RESTART|SA_SIGINFO
SIGPIPE: [libjvm.dylib+0x491731], sa_mask[0]=11111111011111110111111111111111, sa_flags=SA_RESTART|SA_SIGINFO
SIGXFSZ: [libjvm.dylib+0x491731], sa_mask[0]=11111111011111110111111111111111, sa_flags=SA_RESTART|SA_SIGINFO
SIGILL: [libjvm.dylib+0x491731], sa_mask[0]=11111111011111110111111111111111, sa_flags=SA_RESTART|SA_SIGINFO
SIGUSR1: SIG_DFL, sa_mask[0]=00000000000000000000000000000000, sa_flags=none
SIGUSR2: [libjvm.dylib+0x49202a], sa_mask[0]=00100000000000000000000000000000, sa_flags=SA_RESTART|SA_SIGINFO
SIGHUP: [libjvm.dylib+0x490239], sa_mask[0]=11111111011111110111111111111111, sa_flags=SA_RESTART|SA_SIGINFO
SIGINT: [libjvm.dylib+0x490239], sa_mask[0]=11111111011111110111111111111111, sa_flags=SA_RESTART|SA_SIGINFO
SIGTERM: [libjvm.dylib+0x490239], sa_mask[0]=11111111011111110111111111111111, sa_flags=SA_RESTART|SA_SIGINFO
SIGQUIT: [libjvm.dylib+0x490239], sa_mask[0]=11111111011111110111111111111111, sa_flags=SA_RESTART|SA_SIGINFO


---------------  S Y S T E M  ---------------

OS:Bsduname:Darwin 20.2.0 Darwin Kernel Version 20.2.0: Wed Dec  2 20:39:59 PST 2020; root:xnu-7195.60.75~1/RELEASE_X86_64 x86_64
rlimit: STACK 8192k, CORE 0k, NPROC 2784, NOFILE 10240, AS infinity
load average:3.57 3.35 3.16

CPU:total 8 (initial active 8) (4 cores per cpu, 2 threads per core) family 6 model 70 stepping 1, cmov, cx8, fxsr, mmx, sse, sse2, sse3, ssse3, sse4.1, sse4.2, popcnt, avx, avx2, aes, clmul, erms, lzcnt, ht, tsc, tscinvbit, bmi1, bmi2

Memory: 4k page, physical 16777216k(266588k free)

/proc/meminfo:


vm_info: Java HotSpot(TM) 64-Bit Server VM (25.271-b09) for bsd-amd64 JRE (1.8.0_271-b09), built on Sep 16 2020 16:54:38 by "java_re" with gcc 4.2.1 Compatible Apple LLVM 10.0.0 (clang-1000.11.45.5)

time: Sat Jun 19 18:46:19 2021
timezone: -03
elapsed time: 1415.123623 seconds (0d 0h 23m 35s)

